<?xml version="1.0" encoding="UTF-8"?>
<!-- Generated by org.testng.reporters.JUnitReportReporter -->
<testsuite skipped="0" hostname="DESKTOP-PKDHEAH" name="categoryAssignment.Drop_Down_Month" tests="1" failures="0" timestamp="2022-06-29T16:21:31 CDT" time="15.186" errors="0">
  <testcase name="addCategory" time="15.186" classname="categoryAssignment.Drop_Down_Month"/>
  <system-out/>
</testsuite> <!-- categoryAssignment.Drop_Down_Month -->
