<?xml version="1.0" encoding="UTF-8"?>
<!-- Generated by org.testng.reporters.JUnitReportReporter -->
<testsuite skipped="0" hostname="DESKTOP-PKDHEAH" name="categoryAssignment.No_Duplicate_Category" tests="1" failures="0" timestamp="2022-06-29T16:20:17 CDT" time="11.228" errors="0">
  <testcase name="noDuplicateItem" time="11.228" classname="categoryAssignment.No_Duplicate_Category"/>
  <system-out/>
</testsuite> <!-- categoryAssignment.No_Duplicate_Category -->
