<?xml version="1.0" encoding="UTF-8"?>
<!-- Generated by org.testng.reporters.JUnitReportReporter -->
<testsuite skipped="0" hostname="DESKTOP-PKDHEAH" name="categoryAssignment.Add_Display_Category" tests="1" failures="0" timestamp="2022-06-29T16:19:10 CDT" time="16.363" errors="0">
  <testcase name="addCategory" time="16.363" classname="categoryAssignment.Add_Display_Category"/>
  <system-out/>
</testsuite> <!-- categoryAssignment.Add_Display_Category -->
